TFE4580 Unity App/Temp/gradleOut/launcher/build/intermediates/manifest_merge_blame_file/release/manifest-merger-blame-release-report.txt
1<?xml version="1.0" encoding="utf-8"?>
2<!-- GENERATED BY UNITY. REMOVE THIS COMMENT TO PREVENT OVERWRITING WHEN EXPORTING AGAIN -->
3<manifest xmlns:android="http://schemas.android.com/apk/res/android"
4    package="com.petrepa.TFE4580UnityApp"
5    android:installLocation="preferExternal"
6    android:versionCode="1"
7    android:versionName="0.1" >
8
9    <uses-sdk
10        android:minSdkVersion="28"
10-->src/main/AndroidManifest.xml
11        android:targetSdkVersion="29" />
11-->src/main/AndroidManifest.xml
12
13    <supports-screens
13-->src/main/AndroidManifest.xml:4:3-163
14        android:anyDensity="true"
14-->src/main/AndroidManifest.xml:4:135-160
15        android:largeScreens="true"
15-->src/main/AndroidManifest.xml:4:78-105
16        android:normalScreens="true"
16-->src/main/AndroidManifest.xml:4:49-77
17        android:smallScreens="true"
17-->src/main/AndroidManifest.xml:4:21-48
18        android:xlargeScreens="true" />
18-->src/main/AndroidManifest.xml:4:106-134
19
20    <uses-feature android:glEsVersion="0x00030000" />
20-->[:unityLibrary] AndroidManifest.xml:13:5-54
20-->[:unityLibrary] AndroidManifest.xml:13:19-51
21
22    <uses-permission android:name="android.permission.CAMERA" />
22-->[:unityLibrary] AndroidManifest.xml:15:5-65
22-->[:unityLibrary] AndroidManifest.xml:15:22-62
23    <uses-permission android:name="android.permission.INTERNET" />
23-->[:unityLibrary] AndroidManifest.xml:16:5-67
23-->[:unityLibrary] AndroidManifest.xml:16:22-64
24
25    <uses-feature
25-->[:unityLibrary] AndroidManifest.xml:18:5-20:36
26        android:name="android.hardware.touchscreen"
26-->[:unityLibrary] AndroidManifest.xml:19:9-52
27        android:required="false" />
27-->[:unityLibrary] AndroidManifest.xml:20:9-33
28    <uses-feature
28-->[:unityLibrary] AndroidManifest.xml:21:5-23:36
29        android:name="android.hardware.touchscreen.multitouch"
29-->[:unityLibrary] AndroidManifest.xml:22:9-63
30        android:required="false" />
30-->[:unityLibrary] AndroidManifest.xml:23:9-33
31    <uses-feature
31-->[:unityLibrary] AndroidManifest.xml:24:5-26:36
32        android:name="android.hardware.touchscreen.multitouch.distinct"
32-->[:unityLibrary] AndroidManifest.xml:25:9-72
33        android:required="false" />
33-->[:unityLibrary] AndroidManifest.xml:26:9-33
34    <uses-feature
34-->[:unityLibrary] AndroidManifest.xml:27:5-29:35
35        android:name="android.hardware.camera.ar"
35-->[:unityLibrary] AndroidManifest.xml:28:9-50
36        android:required="true" />
36-->[:unityLibrary] AndroidManifest.xml:29:9-32
37    <uses-feature
37-->[:unityLibrary] AndroidManifest.xml:30:5-32:35
38        android:name="com.google.ar.core.depth"
38-->[:unityLibrary] AndroidManifest.xml:31:9-48
39        android:required="true" />
39-->[:unityLibrary] AndroidManifest.xml:32:9-32
40
41    <queries>
41-->[:arcore_client:] AndroidManifest.xml:29:5-31:15
42        <package android:name="com.google.ar.core" />
42-->[:arcore_client:] AndroidManifest.xml:30:9-54
42-->[:arcore_client:] AndroidManifest.xml:30:18-51
43    </queries>
44
45    <application
45-->src/main/AndroidManifest.xml:5:3-116
46        android:extractNativeLibs="true"
46-->src/main/AndroidManifest.xml:5:16-48
47        android:icon="@mipmap/app_icon"
47-->src/main/AndroidManifest.xml:5:82-113
48        android:label="@string/app_name" >
48-->src/main/AndroidManifest.xml:5:49-81
49        <activity
49-->[:unityLibrary] AndroidManifest.xml:35:9-54:20
50            android:name="com.unity3d.player.UnityPlayerActivity"
50-->[:unityLibrary] AndroidManifest.xml:36:13-66
51            android:configChanges="mcc|mnc|locale|touchscreen|keyboard|keyboardHidden|navigation|orientation|screenLayout|uiMode|screenSize|smallestScreenSize|fontScale|layoutDirection|density"
51-->[:unityLibrary] AndroidManifest.xml:37:13-194
52            android:hardwareAccelerated="false"
52-->[:unityLibrary] AndroidManifest.xml:38:13-48
53            android:launchMode="singleTask"
53-->[:unityLibrary] AndroidManifest.xml:39:13-44
54            android:screenOrientation="portrait"
54-->[:unityLibrary] AndroidManifest.xml:40:13-49
55            android:theme="@style/UnityThemeSelector" >
55-->[:unityLibrary] AndroidManifest.xml:41:13-54
56            <intent-filter>
56-->[:unityLibrary] AndroidManifest.xml:42:13-46:29
57                <action android:name="android.intent.action.MAIN" />
57-->[:unityLibrary] AndroidManifest.xml:43:17-69
57-->[:unityLibrary] AndroidManifest.xml:43:25-66
58
59                <category android:name="android.intent.category.LAUNCHER" />
59-->[:unityLibrary] AndroidManifest.xml:45:17-77
59-->[:unityLibrary] AndroidManifest.xml:45:27-74
60            </intent-filter>
61
62            <meta-data
62-->[:unityLibrary] AndroidManifest.xml:48:13-50:40
63                android:name="unityplayer.UnityActivity"
63-->[:unityLibrary] AndroidManifest.xml:49:17-57
64                android:value="true" />
64-->[:unityLibrary] AndroidManifest.xml:50:17-37
65            <meta-data
65-->[:unityLibrary] AndroidManifest.xml:51:13-53:40
66                android:name="android.notch_support"
66-->[:unityLibrary] AndroidManifest.xml:52:17-53
67                android:value="true" />
67-->[:unityLibrary] AndroidManifest.xml:53:17-37
68        </activity>
69
70        <meta-data
70-->[:unityLibrary] AndroidManifest.xml:56:9-58:36
71            android:name="unity.arcore-enable"
71-->[:unityLibrary] AndroidManifest.xml:57:13-47
72            android:value="True" />
72-->[:unityLibrary] AndroidManifest.xml:58:13-33
73        <meta-data
73-->[:unityLibrary] AndroidManifest.xml:59:9-61:36
74            android:name="unityplayer.SkipPermissionsDialog"
74-->[:unityLibrary] AndroidManifest.xml:60:13-61
75            android:value="true" />
75-->[:unityLibrary] AndroidManifest.xml:61:13-33
76        <meta-data
76-->[:unityLibrary] AndroidManifest.xml:62:9-64:33
77            android:name="unity.splash-mode"
77-->[:unityLibrary] AndroidManifest.xml:63:13-45
78            android:value="0" />
78-->[:unityLibrary] AndroidManifest.xml:64:13-30
79        <meta-data
79-->[:unityLibrary] AndroidManifest.xml:65:9-67:36
80            android:name="unity.splash-enable"
80-->[:unityLibrary] AndroidManifest.xml:66:13-47
81            android:value="True" />
81-->[:unityLibrary] AndroidManifest.xml:67:13-33
82        <meta-data
82-->[:unityLibrary] AndroidManifest.xml:68:9-70:50
83            android:name="notch.config"
83-->[:unityLibrary] AndroidManifest.xml:69:13-40
84            android:value="portrait|landscape" />
84-->[:unityLibrary] AndroidManifest.xml:70:13-47
85        <meta-data
85-->[:unityLibrary] AndroidManifest.xml:71:9-73:68
86            android:name="unity.build-id"
86-->[:unityLibrary] AndroidManifest.xml:72:13-42
87            android:value="2b00d66b-17a8-455c-a934-f420e13e21e1" />
87-->[:unityLibrary] AndroidManifest.xml:73:13-65
88        <meta-data
88-->[:unityLibrary] AndroidManifest.xml:74:9-76:40
89            android:name="com.google.ar.core"
89-->[:unityLibrary] AndroidManifest.xml:75:13-46
90            android:value="required" /> <!-- The minimal version code of ARCore APK required for an app using this SDK. -->
90-->[:unityLibrary] AndroidManifest.xml:76:13-37
91        <meta-data
91-->[:arcore_client:] AndroidManifest.xml:36:9-38:41
92            android:name="com.google.ar.core.min_apk_version"
92-->[:arcore_client:] AndroidManifest.xml:37:13-62
93            android:value="201750000" /> <!-- This activity is critical for installing ARCore when it is not already present. -->
93-->[:arcore_client:] AndroidManifest.xml:38:13-38
94        <activity
94-->[:arcore_client:] AndroidManifest.xml:40:9-46:80
95            android:name="com.google.ar.core.InstallActivity"
95-->[:arcore_client:] AndroidManifest.xml:41:13-62
96            android:configChanges="keyboardHidden|orientation|screenSize"
96-->[:arcore_client:] AndroidManifest.xml:42:13-74
97            android:excludeFromRecents="true"
97-->[:arcore_client:] AndroidManifest.xml:43:13-46
98            android:exported="false"
98-->[:arcore_client:] AndroidManifest.xml:44:13-37
99            android:launchMode="singleTop"
99-->[:arcore_client:] AndroidManifest.xml:45:13-43
100            android:theme="@android:style/Theme.Material.Light.Dialog.Alert" />
100-->[:arcore_client:] AndroidManifest.xml:46:13-77
101    </application>
102
103</manifest>